2022-09-30T13:05:20+00:00 CRITICAL syntax error, unexpected ''hide_empty'' (T_CONSTANT_ENCAPSED_STRING), expecting ')' in C:\wamp64\www\wcdota\wp-content\themes\wcdota\functions.php on line 76

2022-09-30T13:46:50+00:00 CRITICAL Cannot redeclare register_my_menus() (previously declared in C:\wamp64\www\wcdota\wp-content\themes\wcdota\functions.php:39) in C:\wamp64\www\wcdota\wp-content\themes\wcdota\functions.php on line 75

2022-09-30T13:47:50+00:00 CRITICAL Cannot redeclare register_my_menus() (previously declared in C:\wamp64\www\wcdota\wp-content\themes\wcdota\functions.php:39) in C:\wamp64\www\wcdota\wp-content\themes\wcdota\functions.php on line 75

2022-09-30T14:08:04+00:00 CRITICAL syntax error, unexpected '<<' (T_SL) in C:\wamp64\www\wcdota\wp-content\themes\wcdota\functions.php on line 119

2022-09-30T14:08:11+00:00 CRITICAL syntax error, unexpected '<<' (T_SL) in C:\wamp64\www\wcdota\wp-content\themes\wcdota\functions.php on line 119

2022-09-30T14:08:13+00:00 CRITICAL syntax error, unexpected '<<' (T_SL) in C:\wamp64\www\wcdota\wp-content\themes\wcdota\functions.php on line 119

2022-09-30T14:08:14+00:00 CRITICAL syntax error, unexpected '<<' (T_SL) in C:\wamp64\www\wcdota\wp-content\themes\wcdota\functions.php on line 119

2022-09-30T14:08:14+00:00 CRITICAL syntax error, unexpected '<<' (T_SL) in C:\wamp64\www\wcdota\wp-content\themes\wcdota\functions.php on line 119

2022-09-30T21:42:40+00:00 CRITICAL syntax error, unexpected ';', expecting ')' in C:\wamp64\www\wcdota\wp-content\themes\wcdota\functions.php on line 136

2022-09-30T21:43:03+00:00 CRITICAL syntax error, unexpected ';', expecting ')' in C:\wamp64\www\wcdota\wp-content\themes\wcdota\functions.php on line 136

2022-09-30T21:43:31+00:00 CRITICAL syntax error, unexpected ';', expecting ')' in C:\wamp64\www\wcdota\wp-content\themes\wcdota\functions.php on line 136

2022-09-30T21:43:33+00:00 CRITICAL syntax error, unexpected ';', expecting ')' in C:\wamp64\www\wcdota\wp-content\themes\wcdota\functions.php on line 136

2022-09-30T21:43:33+00:00 CRITICAL syntax error, unexpected ';', expecting ')' in C:\wamp64\www\wcdota\wp-content\themes\wcdota\functions.php on line 136

2022-09-30T21:43:37+00:00 CRITICAL syntax error, unexpected ';', expecting ')' in C:\wamp64\www\wcdota\wp-content\themes\wcdota\functions.php on line 136

2022-09-30T21:43:38+00:00 CRITICAL syntax error, unexpected ';', expecting ')' in C:\wamp64\www\wcdota\wp-content\themes\wcdota\functions.php on line 136

2022-09-30T21:43:39+00:00 CRITICAL syntax error, unexpected ';', expecting ')' in C:\wamp64\www\wcdota\wp-content\themes\wcdota\functions.php on line 136
2022-09-30T14:08:14+00:00 CRITICAL syntax error, unexpected '<', expecting end of file in C:\wamp64\www\wcdota\wp-content\themes\wcdota\index.php on line 16

2022-09-30T14:12:52+00:00 CRITICAL Uncaught Error: Call to undefined function the_post_content() in C:\wamp64\www\wcdota\wp-content\themes\wcdota\index.php:14
Stack trace:
#0 C:\wamp64\www\wcdota\wp-includes\template-loader.php(106): include()
#1 C:\wamp64\www\wcdota\wp-blog-header.php(19): require_once('C:\\wamp64\\www\\w...')
#2 C:\wamp64\www\wcdota\index.php(17): require('C:\\wamp64\\www\\w...')
#3 {main}
  thrown in C:\wamp64\www\wcdota\wp-content\themes\wcdota\index.php on line 14

